<?xml version="1.0" encoding="UTF-8"?>
<testsuite name="VisitorTest" tests="1" skipped="0" failures="0" errors="0" timestamp="2020-02-11T12:16:13" hostname="recruit-ThinkCentre-M73" time="0.018">
  <properties/>
  <testcase name="save()" classname="VisitorTest" time="0.018"/>
  <system-out><![CDATA[2020-02-11 14:16:13,260 | Main: File already exists
2020-02-11 14:16:13,265 | Main: File already exists
]]></system-out>
  <system-err><![CDATA[]]></system-err>
</testsuite>
